<?xml version="1.0" encoding="UTF-8"?>
<!-- Generated by org.testng.reporters.JUnitReportReporter -->
<testsuite hostname="TYSS-Vijayalaxmi" failures="0" tests="1" name="practicePackage.SampleTest" time="0.005" errors="0" timestamp="2024-03-01T17:36:19 IST" skipped="0">
  <testcase classname="practicePackage.SampleTest" name="testscript3_Test" time="0.005"/>
  <system-out/>
</testsuite> <!-- practicePackage.SampleTest -->
