<?xml version="1.0" encoding="UTF-8"?>
<!-- Generated by org.testng.reporters.JUnitReportReporter -->
<testsuite hostname="TYSS-Vijayalaxmi" failures="0" tests="1" name="practicePackage.PracticeTest" time="0.003" errors="0" timestamp="2024-03-01T17:36:19 IST" skipped="0">
  <testcase classname="practicePackage.PracticeTest" name="testscript1_Test" time="0.003"/>
  <system-out/>
</testsuite> <!-- practicePackage.PracticeTest -->
