<?xml version="1.0" encoding="UTF-8"?>
<!-- Generated by org.testng.reporters.JUnitReportReporter -->
<testsuite hostname="TYSS-Vijayalaxmi" failures="0" tests="2" name="practicePackage.DemoTest" time="0.024" errors="0" timestamp="2024-03-01T17:36:19 IST" skipped="0">
  <testcase classname="practicePackage.DemoTest" name="testscript6_Test" time="0.001"/>
  <system-out/>
  <testcase classname="practicePackage.DemoTest" name="testscript5_Test" time="0.023"/>
  <system-out/>
</testsuite> <!-- practicePackage.DemoTest -->
